epoch,accuracy,learning_rate,loss,val_accuracy,val_f1,val_loss,val_precision,val_recall
0,0.25266122817993164,0.0010000000474974513,2.2212839126586914,0.3307226300239563,0.2502388361866079,1.9849045276641846,0.30742386920644366,0.2564636138379424
1,0.36782509088516235,0.0010000000474974513,1.9048832654953003,0.49039265513420105,0.4138693940748313,1.6355377435684204,0.47199064978229116,0.4263942867574387
2,0.4865111708641052,0.0010000000474974513,1.6318022012710571,0.587614893913269,0.5332622541276223,1.3885968923568726,0.5711334188743556,0.5309650676633476
3,0.5553120374679565,0.0010000000474974513,1.451093077659607,0.6427527070045471,0.5922390508794241,1.272675633430481,0.6279937993373634,0.5943591938294593
4,0.611693799495697,0.0010000000474974513,1.3120224475860596,0.6961153149604797,0.6692683604143927,1.136988878250122,0.6892489094595731,0.6744216382461312
5,0.6511688828468323,0.0010000000474974513,1.2076287269592285,0.7364243865013123,0.7061179461791712,0.9972992539405823,0.7133194327052559,0.708368668158308
6,0.6836255192756653,0.0010000000474974513,1.1240869760513306,0.7541770935058594,0.7257861779426059,0.9604718685150146,0.7509340592322263,0.7156351783230827
7,0.711725115776062,0.0010000000474974513,1.0492966175079346,0.7966791987419128,0.7735159442832961,0.8603233098983765,0.7875867080012662,0.764845387234705
8,0.7316843867301941,0.0010000000474974513,0.9919756054878235,0.8094193935394287,0.7892343773683305,0.8240429162979126,0.8040365039935499,0.7841034409608915
9,0.7473126649856567,0.0010000000474974513,0.951035737991333,0.8262322545051575,0.8080775378682329,0.7754209637641907,0.821382795939556,0.7998068109399932
10,0.7624973654747009,0.0010000000474974513,0.9046773314476013,0.8225772976875305,0.8012508878834455,0.7636253237724304,0.8304855278282886,0.7852528892954714
11,0.7764558792114258,0.0010000000474974513,0.8632237911224365,0.8454469442367554,0.8294426089924049,0.7109644412994385,0.8381734308108443,0.829259718304992
12,0.78605717420578,0.0010000000474974513,0.8363392949104309,0.8508771657943726,0.8360913324591553,0.7032478451728821,0.8527797701181757,0.8270570853219074
13,0.7918232083320618,0.0010000000474974513,0.8194088339805603,0.8416875600814819,0.8301447496513422,0.7157368659973145,0.8379582704076993,0.8302024665205946
14,0.8071905374526978,0.0010000000474974513,0.781047523021698,0.8578738570213318,0.8438391678359252,0.6576352119445801,0.858082326665003,0.8367280293046512
15,0.8100083470344543,0.0010000000474974513,0.765924870967865,0.8668546080589294,0.8560700747684115,0.6268120408058167,0.8589159154573281,0.8558656500924496
16,0.8201836943626404,0.0010000000474974513,0.7374719977378845,0.8760442733764648,0.863138189401683,0.6159070134162903,0.870452140025753,0.8590300181421201
17,0.8243581652641296,0.0010000000474974513,0.7258873581886292,0.8579782843589783,0.8447050284639636,0.6465186476707458,0.8620239869957508,0.8418079868041715
18,0.8275151252746582,0.0010000000474974513,0.7132420539855957,0.8862782120704651,0.8738301015551654,0.5738290548324585,0.8836433337670798,0.8684415677023405
19,0.8347944021224976,0.0010000000474974513,0.6948444843292236,0.8875313401222229,0.8754919698412768,0.5692777037620544,0.8779005952299093,0.8772297805400281
20,0.836725115776062,0.0010000000474974513,0.6822397112846375,0.8906641602516174,0.8789571196307513,0.5550723075866699,0.8874642096747354,0.8735453231230269
21,0.8422563076019287,0.0010000000474974513,0.6654180288314819,0.8759398460388184,0.8654544471220852,0.5898456573486328,0.867087564114169,0.8698118366776497
22,0.8413431644439697,0.0010000000474974513,0.6622623801231384,0.8825187683105469,0.8753995416229113,0.5650643706321716,0.8824811005154248,0.8744380035051833
23,0.8487789630889893,0.0010000000474974513,0.6404892206192017,0.8987051248550415,0.8912138689200808,0.527502715587616,0.8926277083316271,0.8907885744396665
24,0.8504487872123718,0.0010000000474974513,0.63862544298172,0.8976607918739319,0.8888372506484475,0.5180189609527588,0.8987150639294691,0.8822088820870349
25,0.853240430355072,0.0010000000474974513,0.6310340166091919,0.9076858758926392,0.8991222571616512,0.49579572677612305,0.9024988001397265,0.897559173948137
26,0.8572062253952026,0.0010000000474974513,0.6125907897949219,0.9091478586196899,0.9013665164291971,0.493582546710968,0.9054757781822925,0.8980928219897423
27,0.8595283031463623,0.0010000000474974513,0.6007178425788879,0.8987051248550415,0.8894596750510613,0.5193440914154053,0.8999849797177721,0.8826776999802152
28,0.8615372776985168,0.0010000000474974513,0.5965116620063782,0.8953633904457092,0.8868912299047387,0.5202301144599915,0.8885206457140292,0.8877884269864817
29,0.8616155385971069,0.0010000000474974513,0.5982017517089844,0.9063283205032349,0.8980824859461444,0.491625040769577,0.8988804412577238,0.8992628555972938
30,0.8644593954086304,0.0010000000474974513,0.5825378894805908,0.9147869944572449,0.9061895173946821,0.47417834401130676,0.9036438526276519,0.9094886279747233
31,0.8677468299865723,0.0010000000474974513,0.5851255655288696,0.9101921319961548,0.9012705788882672,0.4826522469520569,0.90105162995452,0.9023433167149751
32,0.8715299367904663,0.0010000000474974513,0.5671051144599915,0.9090434312820435,0.8984959590651106,0.48148247599601746,0.9048335287436235,0.8950862994385788
33,0.8696253299713135,0.0010000000474974513,0.5626977682113647,0.9135338068008423,0.9061569382582445,0.47194525599479675,0.9071838912108312,0.9063176740227769
34,0.8711125254631042,0.0010000000474974513,0.5654003024101257,0.9069548845291138,0.8981117933127455,0.48338761925697327,0.8966571459341828,0.9019123672501271
35,0.872208297252655,0.0010000000474974513,0.5610182285308838,0.9081035852432251,0.902674146877393,0.4905637800693512,0.9060882039479088,0.9020662581600344
36,0.8739563822746277,0.0010000000474974513,0.5515382289886475,0.9012113809585571,0.8932799697556203,0.498858779668808,0.8990694486993318,0.8916926402209109
37,0.8775047063827515,0.0010000000474974513,0.5435913801193237,0.8934836983680725,0.8867543883172017,0.5188522934913635,0.8988509621738742,0.8810841064985518
38,0.8798789381980896,0.0010000000474974513,0.5333244204521179,0.9115496873855591,0.904464677500281,0.47256797552108765,0.9130171713424158,0.8985195045002198
39,0.8799050450325012,0.0010000000474974513,0.5351237058639526,0.9161445498466492,0.9073943655834165,0.4526808261871338,0.9102301752979632,0.9067180242703041
40,0.8799833059310913,0.0010000000474974513,0.5291978716850281,0.9267961382865906,0.9198915812313236,0.4345751106739044,0.9237155705215326,0.9170551465836346
41,0.8816270232200623,0.0010000000474974513,0.5310394167900085,0.9158312678337097,0.9085415345738332,0.452863872051239,0.9157208316042467,0.9038434112764029
42,0.8854883909225464,0.0010000000474974513,0.5153069496154785,0.9151002764701843,0.9085974363665256,0.4428604245185852,0.9123630776510449,0.9064140027184235
43,0.8828532695770264,0.0010000000474974513,0.5206825733184814,0.920634925365448,0.9133227321153329,0.4290752112865448,0.9154839076789961,0.911924493444093
44,0.882879376411438,0.0010000000474974513,0.5204766988754272,0.9181286692619324,0.9115824204354072,0.4525904059410095,0.9137293579656983,0.9109026281671334
45,0.8876539468765259,0.0010000000474974513,0.5089086890220642,0.9186508059501648,0.9122310319516901,0.44924914836883545,0.9158386601388214,0.9108055776496776
46,0.8882018327713013,0.0010000000474974513,0.5071442127227783,0.9165622591972351,0.9100234140774499,0.44601157307624817,0.9088665511399182,0.9127955702297509
47,0.8893498182296753,0.0010000000474974513,0.4989837408065796,0.9114452600479126,0.9048782988848737,0.4500856399536133,0.9038431038714191,0.9090488061233839
48,0.889454185962677,0.0010000000474974513,0.5046018958091736,0.9075814485549927,0.9026165545473862,0.46199268102645874,0.9157067112594631,0.8936580475321697
49,0.8893759250640869,0.0010000000474974513,0.4980528950691223,0.9082080125808716,0.9014370583541856,0.463144451379776,0.9034449200645885,0.9033398916568252
50,0.8908370137214661,0.0010000000474974513,0.49420514702796936,0.9234544634819031,0.9154914051272925,0.4161255657672882,0.9157233582696566,0.9160912815246256
51,0.8940982818603516,0.0010000000474974513,0.4868226647377014,0.9231411814689636,0.916699628874758,0.4186190664768219,0.9176622474580437,0.9166872299719314
52,0.8917240500450134,0.0010000000474974513,0.48903340101242065,0.9180242419242859,0.9102248988910852,0.4325253963470459,0.910365575912719,0.9110141132918
53,0.8923763036727905,0.0010000000474974513,0.48916780948638916,0.9250208735466003,0.916874604031729,0.41561368107795715,0.9137258338235572,0.9213816302482133
54,0.8958985805511475,0.0010000000474974513,0.47982269525527954,0.9249164462089539,0.9181679566196269,0.4080614745616913,0.9181891266454546,0.918879470568482
55,0.8947244882583618,0.0010000000474974513,0.48226746916770935,0.9265872836112976,0.9212405758430114,0.4288378059864044,0.9233995485507602,0.919861106987049
56,0.8936808705329895,0.0010000000474974513,0.4778619408607483,0.927527129650116,0.921238104692863,0.4066312313079834,0.9260516216405416,0.9174777618805701
57,0.8941243886947632,0.0010000000474974513,0.47698330879211426,0.9211570620536804,0.9142858856243499,0.4353233277797699,0.9157455394792922,0.914101831327783
58,0.8972813487052917,0.0010000000474974513,0.47822046279907227,0.9196950793266296,0.9126597523283747,0.43524622917175293,0.9189430284430076,0.90898257790604
59,0.8963682055473328,0.0010000000474974513,0.46856585144996643,0.9096699953079224,0.9031632531852282,0.4461948871612549,0.90464848253312,0.9042955290975475
60,0.8992120623588562,0.0010000000474974513,0.4734582304954529,0.9222013354301453,0.9150256673476131,0.4170463979244232,0.9160233386364607,0.9147175899974744
61,0.8974118232727051,0.0010000000474974513,0.47154954075813293,0.917397677898407,0.9134911834563705,0.4277007579803467,0.9222124934840705,0.9060343514789024
62,0.8975422382354736,0.0010000000474974513,0.4700765311717987,0.9258562922477722,0.9192711161900035,0.4092894494533539,0.9270081496625114,0.9135447325197877
63,0.8983510732650757,0.0010000000474974513,0.46086204051971436,0.9250208735466003,0.9195150422168146,0.399260938167572,0.9179424391979752,0.9217444724624776
64,0.898820698261261,0.0010000000474974513,0.4661729037761688,0.9211570620536804,0.914798910621487,0.4254244863986969,0.9158732098155397,0.9160231585632063
65,0.899968683719635,0.0010000000474974513,0.45885223150253296,0.9288846850395203,0.9210900990014727,0.387288898229599,0.9186411742538589,0.9245043837082343
66,0.9027864933013916,0.0010000000474974513,0.44554492831230164,0.9152047038078308,0.9077753799789209,0.4283412992954254,0.9148100537353452,0.9038069239656078
67,0.8979336023330688,0.0010000000474974513,0.46964767575263977,0.9126983880996704,0.9069625170857417,0.44451257586479187,0.9158386130356647,0.9006624957075672
68,0.9006209373474121,0.0010000000474974513,0.45889753103256226,0.9113408327102661,0.9061610939880603,0.46205928921699524,0.918723762373658,0.8984060341594343
69,0.9023951292037964,0.0010000000474974513,0.4577420651912689,0.9239766001701355,0.918242966623538,0.40302953124046326,0.9216852605500989,0.9166590380889056
70,0.9035431146621704,0.0010000000474974513,0.4481196701526642,0.9188596606254578,0.9129790859422605,0.4194011390209198,0.9161585967228597,0.9119483211352567
71,0.9044302105903625,0.0010000000474974513,0.44088423252105713,0.9295112490653992,0.924218998805122,0.3899418115615845,0.9306026088134285,0.9187336407000966
72,0.9026821255683899,0.0010000000474974513,0.45320460200309753,0.9309732913970947,0.9254428018764144,0.4044502079486847,0.9292197179070625,0.9223757777414082
73,0.9052911996841431,0.0010000000474974513,0.4436681866645813,0.9313910007476807,0.9266578384068304,0.3903762698173523,0.9309452421178871,0.9236197828255243
74,0.9047693610191345,0.0010000000474974513,0.4417153000831604,0.9244987368583679,0.9191046397161178,0.4055081009864807,0.9158909606754743,0.9241849251324901
75,0.9034387469291687,0.0010000000474974513,0.44914817810058594,0.9241854548454285,0.917682142632247,0.40041887760162354,0.9244730103044088,0.9122097147447398
76,0.9319557547569275,0.00010000000474974513,0.3655898869037628,0.9416248798370361,0.9364915990931088,0.3463478684425354,0.9392468429746224,0.934190179475275
77,0.9362345933914185,0.00010000000474974513,0.34561410546302795,0.9415204524993896,0.9361159347453167,0.3362785577774048,0.9379091983438403,0.9346893999903401
78,0.9360780715942383,0.00010000000474974513,0.3388277590274811,0.9440267086029053,0.939101797012264,0.32984459400177,0.9397272824120048,0.9386727457869108
79,0.9379305243492126,0.00010000000474974513,0.3326720893383026,0.9435045719146729,0.9385877116363849,0.32692983746528625,0.9400268644928486,0.9375578417066045
80,0.9363650679588318,0.00010000000474974513,0.3340508043766022,0.9442355632781982,0.9396940540735116,0.3233810067176819,0.9395387139455247,0.9401303095521425
81,0.9381131529808044,0.00010000000474974513,0.3263047933578491,0.9438178539276123,0.9390138837970161,0.32091984152793884,0.9393637347833929,0.9389734482029538
82,0.9394437670707703,0.00010000000474974513,0.3220127820968628,0.9447576999664307,0.9393812526587002,0.31524720788002014,0.9399623709806623,0.9390970948507711
83,0.9381914138793945,0.00010000000474974513,0.3210357129573822,0.9456976056098938,0.9402850560109868,0.31234225630760193,0.9381852122804434,0.9425067412097938
84,0.9387654066085815,0.00010000000474974513,0.3182225823402405,0.9455931782722473,0.9409042715639254,0.307536244392395,0.9449376681688527,0.9373544124782279
85,0.93881756067276,0.00010000000474974513,0.31695082783699036,0.9463241696357727,0.9414225977808223,0.30922025442123413,0.9416920006931581,0.9415165248462717
86,0.9363128542900085,0.00010000000474974513,0.31867608428001404,0.9468463063240051,0.9424661559251036,0.3047839403152466,0.9442300178552059,0.9410366044327644
87,0.9399394989013672,0.00010000000474974513,0.3124309778213501,0.9446532726287842,0.940069282165183,0.3037927448749542,0.9408751434728346,0.9394467261775873
88,0.9365476965904236,0.00010000000474974513,0.3179817795753479,0.9448621273040771,0.9395026235768245,0.3043002188205719,0.939875215285232,0.9394138514333984
89,0.9396785497665405,0.00010000000474974513,0.3110530972480774,0.9472640156745911,0.9429672139440336,0.3022727370262146,0.9443329945936404,0.9418597856867604
90,0.9411917924880981,0.00010000000474974513,0.3097366392612457,0.9470551609992981,0.9416315265187314,0.30148211121559143,0.9425098094051757,0.9409787082110239
91,0.9386610388755798,0.00010000000474974513,0.3105032742023468,0.9466374516487122,0.9418507564619222,0.3009366989135742,0.9409435598417518,0.9429055081147079
92,0.9402525424957275,0.00010000000474974513,0.3060895800590515,0.9486215710639954,0.9441239303935504,0.29667675495147705,0.9460427069578169,0.9424079716505074
93,0.9413744807243347,0.00010000000474974513,0.30504554510116577,0.9472640156745911,0.9434224951115072,0.29719772934913635,0.944856242853178,0.94227433088526
94,0.9396525025367737,0.00010000000474974513,0.3052849769592285,0.9483082890510559,0.9441228727254408,0.2978553771972656,0.9452030904680769,0.9433951807200067
95,0.9408526420593262,0.00010000000474974513,0.30576300621032715,0.9485171437263489,0.943289074936363,0.29471129179000854,0.9439430279699699,0.9429227518158396
96,0.9392089247703552,0.00010000000474974513,0.3038020133972168,0.9438178539276123,0.9374058078813938,0.3026331067085266,0.9367612049400796,0.9386039154370102
97,0.9412440061569214,0.00010000000474974513,0.3024403154850006,0.9471595883369446,0.9421958611875549,0.295305997133255,0.9423758091731149,0.9422210481529464
98,0.9409047961235046,0.00010000000474974513,0.3026960790157318,0.9475772976875305,0.942268835506561,0.29228317737579346,0.942705608090916,0.9421299975465282
99,0.9390262961387634,0.00010000000474974513,0.30370187759399414,0.9472640156745911,0.942223563049819,0.29327455163002014,0.9427112322991169,0.9419439713334662
